<?xml version="1.0" encoding="UTF-8"?>
<!-- Generated by org.testng.reporters.JUnitXMLReporter -->
<testsuite hostname="DESKTOP-OA6FAR4" name="testngTest" tests="5" failures="0" timestamp="7 Aug 2019 07:30:35 GMT" time="10.841" errors="0">
  <testcase name="test_WeatherChannelServiceLatLong" time="5.358" classname="com.testcode.demo.WeatherChannelService"/>
  <testcase name="test_WeatherChannelServiceLatLongInCorrectAPIKey" time="1.111" classname="com.testcode.demo.WeatherChannelService"/>
  <testcase name="test_WeatherChannelServicePostalCode" time="1.189" classname="com.testcode.demo.WeatherChannelService"/>
  <testcase name="test_WeatherChannelServicePostalCode" time="1.17" classname="com.testcode.demo.WeatherChannelService"/>
  <testcase name="test_WeatherChannelServicePostalCode" time="1.126" classname="com.testcode.demo.WeatherChannelService"/>
</testsuite> <!-- testngTest -->
